Using pre-set license
Built from '2020.2/release' branch; Version is '2020.2.1f1 (270dd8c3da1c) revision 2559448'; Using compiler version '192528614'; Build Type 'Release'
OS: 'Windows 10  (10.0.0) 64bit' Language: 'en' Physical Memory: 16326 MB
BatchMode: 1, IsHumanControllingUs: 0, StartBugReporterOnCrash: 0, Is64bit: 1, IsPro: 0

 COMMAND LINE ARGUMENTS:
C:\Program Files\Unity\Hub\Editor\2020.2.1f1\Editor\Unity.exe
-adb2
-batchMode
-noUpm
-name
AssetImportWorker0
-projectPath
D:/github_portfolio/Top_Down_RPG/Top_Down_RPG
-logFile
Logs/AssetImportWorker0.log
-srvPort
49757
Successfully changed project path to: D:/github_portfolio/Top_Down_RPG/Top_Down_RPG
D:/github_portfolio/Top_Down_RPG/Top_Down_RPG
Using Asset Import Pipeline V2.
Refreshing native plugins compatible for Editor in 38.23 ms, found 1 plugins.
Preloading 0 native plugins for Editor in 0.00 ms.
Initialize engine version: 2020.2.1f1 (270dd8c3da1c)
[Subsystems] Discovering subsystems at path C:/Program Files/Unity/Hub/Editor/2020.2.1f1/Editor/Data/Resources/UnitySubsystems
[Subsystems] Discovering subsystems at path D:/github_portfolio/Top_Down_RPG/Top_Down_RPG/Assets
GfxDevice: creating device client; threaded=0
Direct3D:
    Version:  Direct3D 11.0 [level 11.1]
    Renderer: NVIDIA GeForce RTX 2060 SUPER (ID=0x1f06)
    Vendor:   
    VRAM:     8031 MB
    Driver:   30.0.14.7212
Initialize mono
Mono path[0] = 'C:/Program Files/Unity/Hub/Editor/2020.2.1f1/Editor/Data/Managed'
Mono path[1] = 'C:/Program Files/Unity/Hub/Editor/2020.2.1f1/Editor/Data/MonoBleedingEdge/lib/mono/unityjit'
Mono config path = 'C:/Program Files/Unity/Hub/Editor/2020.2.1f1/Editor/Data/MonoBleedingEdge/etc'
Using monoOptions --debugger-agent=transport=dt_socket,embedding=1,server=y,suspend=n,address=127.0.0.1:56776
Begin MonoManager ReloadAssembly
Registering precompiled unity dll's ...
Register platform support module: C:/Program Files/Unity/Hub/Editor/2020.2.1f1/Editor/Data/PlaybackEngines/WindowsStandaloneSupport/UnityEditor.WindowsStandalone.Extensions.dll
Registered in 0.001905 seconds.
Native extension for WindowsStandalone target not found
Refreshing native plugins compatible for Editor in 37.09 ms, found 1 plugins.
Preloading 0 native plugins for Editor in 0.00 ms.
Invoked RoslynAnalysisRunner static constructor.
RoslynAnalysisRunner will not be running.
RoslynAnalysisRunner has terminated.
Mono: successfully reloaded assembly
- Completed reload, in  0.909 seconds
Platform modules already initialized, skipping
Registering precompiled user dll's ...
Registered in 0.000801 seconds.
Begin MonoManager ReloadAssembly
Native extension for WindowsStandalone target not found
Refreshing native plugins compatible for Editor in 36.66 ms, found 1 plugins.
Preloading 0 native plugins for Editor in 0.00 ms.
Invoked RoslynAnalysisRunner static constructor.
RoslynAnalysisRunner will not be running.
RoslynAnalysisRunner has terminated.
Mono: successfully reloaded assembly
- Completed reload, in  0.730 seconds
Platform modules already initialized, skipping
========================================================================
Worker process is ready to serve import requests
Launched and connected shader compiler UnityShaderCompiler.exe after 0.03 seconds
Refreshing native plugins compatible for Editor in 0.47 ms, found 1 plugins.
Preloading 0 native plugins for Editor in 0.00 ms.
Unloading 1803 Unused Serialized files (Serialized files now loaded: 0)
System memory in use before: 85.6 MB.
System memory in use after: 85.6 MB.

Unloading 24 unused Assets to reduce memory usage. Loaded Objects now: 2243.
Total: 1.812200 ms (FindLiveObjects: 0.219700 ms CreateObjectMapping: 0.082200 ms MarkObjects: 1.416600 ms  DeleteObjects: 0.092900 ms)

========================================================================
Received Import Request.
  path: Assets/Player_material.physicsMaterial2D
  artifactKey: Guid(ab80bde7af5c279438d397a8815aca11) Importer(815301076,1909f56bfc062723c751e8b465ee728b)
Start importing Assets/Player_material.physicsMaterial2D using Guid(ab80bde7af5c279438d397a8815aca11) Importer(815301076,1909f56bfc062723c751e8b465ee728b)  -> (artifact id: '217ab7cfce026755f5d3a64c607ad8a5') in 0.019760 seconds
  Import took 0.022038 seconds .

========================================================================
Received Import Request.
  Time since last request: 0.100559 seconds.
  path: Assets/Player.controller
  artifactKey: Guid(7b6891de78731444c90166f63c4fabef) Importer(815301076,1909f56bfc062723c751e8b465ee728b)
Start importing Assets/Player.controller using Guid(7b6891de78731444c90166f63c4fabef) Importer(815301076,1909f56bfc062723c751e8b465ee728b)  -> (artifact id: 'd62058e7ee2b5e7eb0b4816cf3e0f8ba') in 0.007731 seconds
  Import took 0.011051 seconds .

========================================================================
Received Import Request.
  Time since last request: 0.000327 seconds.
  path: Assets/Player.controller
  artifactKey: Guid(7b6891de78731444c90166f63c4fabef) Importer(815301076,1909f56bfc062723c751e8b465ee728b)
Start importing Assets/Player.controller using Guid(7b6891de78731444c90166f63c4fabef) Importer(815301076,1909f56bfc062723c751e8b465ee728b)  -> (artifact id: 'd62058e7ee2b5e7eb0b4816cf3e0f8ba') in 0.005943 seconds
  Import took 0.008526 seconds .

========================================================================
Received Import Request.
  Time since last request: 6.360624 seconds.
  path: Assets/Animations
  artifactKey: Guid(8bda60932c2a1a84ca88529f67844b23) Importer(815301076,1909f56bfc062723c751e8b465ee728b)
Start importing Assets/Animations using Guid(8bda60932c2a1a84ca88529f67844b23) Importer(815301076,1909f56bfc062723c751e8b465ee728b)  -> (artifact id: 'b20cac6ae66cbec45659b014a3d44a4b') in 0.001515 seconds
  Import took 0.003995 seconds .

========================================================================
Received Import Request.
  Time since last request: 1.251830 seconds.
  path: Assets/Animations/Player
  artifactKey: Guid(1136bc80d1682f947bbd59f1252eb435) Importer(815301076,1909f56bfc062723c751e8b465ee728b)
Start importing Assets/Animations/Player using Guid(1136bc80d1682f947bbd59f1252eb435) Importer(815301076,1909f56bfc062723c751e8b465ee728b)  -> (artifact id: '2f5ec0449419cb7a4f546099f2eba579') in 0.001648 seconds
  Import took 0.004385 seconds .

========================================================================
Received Import Request.
  Time since last request: 2.369074 seconds.
  path: Assets/Prefabs
  artifactKey: Guid(8674211a22811d84b8d9d37767223353) Importer(815301076,1909f56bfc062723c751e8b465ee728b)
Start importing Assets/Prefabs using Guid(8674211a22811d84b8d9d37767223353) Importer(815301076,1909f56bfc062723c751e8b465ee728b)  -> (artifact id: 'ac4eec914a5c58c54d7cd615ba466844') in 0.001371 seconds
  Import took 0.003526 seconds .

========================================================================
Received Import Request.
  Time since last request: 0.102421 seconds.
  path: Assets/Prefabs/Axe.prefab
  artifactKey: Guid(57732e2f94789624aa00101ca5bc84bc) Importer(815301076,1909f56bfc062723c751e8b465ee728b)
Start importing Assets/Prefabs/Axe.prefab using Guid(57732e2f94789624aa00101ca5bc84bc) Importer(815301076,1909f56bfc062723c751e8b465ee728b)  -> (artifact id: '117c70d3d4e5f64c61a1931e1341ddd8') in 0.059210 seconds
  Import took 0.061547 seconds .

========================================================================
Received Import Request.
  Time since last request: 0.000247 seconds.
  path: Assets/Prefabs/Plate.prefab
  artifactKey: Guid(7150b973481a74e479717ca0392d5357) Importer(815301076,1909f56bfc062723c751e8b465ee728b)
Start importing Assets/Prefabs/Plate.prefab using Guid(7150b973481a74e479717ca0392d5357) Importer(815301076,1909f56bfc062723c751e8b465ee728b)  -> (artifact id: '364553602d6b516cee5a0f23551f9f97') in 0.007990 seconds
  Import took 0.010119 seconds .

========================================================================
Received Import Request.
  Time since last request: 0.000272 seconds.
  path: Assets/Prefabs/Bow.prefab
  artifactKey: Guid(5df1e5bfa80ea7e42aaa0a170d9a911e) Importer(815301076,1909f56bfc062723c751e8b465ee728b)
Start importing Assets/Prefabs/Bow.prefab using Guid(5df1e5bfa80ea7e42aaa0a170d9a911e) Importer(815301076,1909f56bfc062723c751e8b465ee728b)  -> (artifact id: 'dceefbfd85dddab653e3154c74b52f43') in 0.007903 seconds
  Import took 0.010125 seconds .

========================================================================
Received Import Request.
  Time since last request: 0.000184 seconds.
  path: Assets/Prefabs/Leather.prefab
  artifactKey: Guid(3899c989b60a7cc4aa5a952c586e8fa1) Importer(815301076,1909f56bfc062723c751e8b465ee728b)
Start importing Assets/Prefabs/Leather.prefab using Guid(3899c989b60a7cc4aa5a952c586e8fa1) Importer(815301076,1909f56bfc062723c751e8b465ee728b)  -> (artifact id: 'a7f305fffa1a1aaa671da53999c8cc2f') in 0.007550 seconds
  Import took 0.009915 seconds .

========================================================================
Received Import Request.
  Time since last request: 2.014778 seconds.
  path: Assets/Scenes
  artifactKey: Guid(071504925782e3b42b59584a2161cf86) Importer(815301076,1909f56bfc062723c751e8b465ee728b)
Start importing Assets/Scenes using Guid(071504925782e3b42b59584a2161cf86) Importer(815301076,1909f56bfc062723c751e8b465ee728b)  -> (artifact id: 'e8e8208f7af33e9616ddd1316cb9942d') in 0.001310 seconds
  Import took 0.003569 seconds .

========================================================================
Received Import Request.
  Time since last request: 3.995527 seconds.
  path: Assets/Textures
  artifactKey: Guid(87e5efbe1aad624479a88e992f82a380) Importer(815301076,1909f56bfc062723c751e8b465ee728b)
Start importing Assets/Textures using Guid(87e5efbe1aad624479a88e992f82a380) Importer(815301076,1909f56bfc062723c751e8b465ee728b)  -> (artifact id: '27f0d89f9fd7c599a0ba34127e6d4318') in 0.001337 seconds
  Import took 0.003676 seconds .

========================================================================
Received Import Request.
  Time since last request: 0.099337 seconds.
  path: Assets/Textures/roguelikeChar_transparent.png
  artifactKey: Guid(1632abea3e45903498967ff51a89ce90) Importer(815301076,1909f56bfc062723c751e8b465ee728b)
Start importing Assets/Textures/roguelikeChar_transparent.png using Guid(1632abea3e45903498967ff51a89ce90) Importer(815301076,1909f56bfc062723c751e8b465ee728b)  -> (artifact id: '4e98a70f4b6a9ecc881b69986c8bcc26') in 0.460587 seconds
  Import took 0.464398 seconds .

========================================================================
Received Import Request.
  Time since last request: 0.000167 seconds.
  path: Assets/Textures/rpg_character.png
  artifactKey: Guid(d49a5960095ff43408bc8a02ea713529) Importer(815301076,1909f56bfc062723c751e8b465ee728b)
Start importing Assets/Textures/rpg_character.png using Guid(d49a5960095ff43408bc8a02ea713529) Importer(815301076,1909f56bfc062723c751e8b465ee728b)  -> (artifact id: 'b24f82ebfae7fd17c9f4a8f54aa5c71a') in 0.220452 seconds
  Import took 0.223202 seconds .

========================================================================
Received Import Request.
  Time since last request: 0.000152 seconds.
  path: Assets/Textures/roguelikeSheet_transparent.png
  artifactKey: Guid(a0412f84b04eb074fbaad069e25b9c64) Importer(815301076,1909f56bfc062723c751e8b465ee728b)
Start importing Assets/Textures/roguelikeSheet_transparent.png using Guid(a0412f84b04eb074fbaad069e25b9c64) Importer(815301076,1909f56bfc062723c751e8b465ee728b)  -> (artifact id: '549caa424ec67943999d775920f72d90') in 1.256101 seconds
  Import took 1.263476 seconds .

========================================================================
Received Import Request.
  Time since last request: 0.000222 seconds.
  path: Assets/Textures/tileset_plains_070419_zp.png
  artifactKey: Guid(2a4a1f0b7e94eda43a9b8b863507d3c8) Importer(815301076,1909f56bfc062723c751e8b465ee728b)
Start importing Assets/Textures/tileset_plains_070419_zp.png using Guid(2a4a1f0b7e94eda43a9b8b863507d3c8) Importer(815301076,1909f56bfc062723c751e8b465ee728b)  -> (artifact id: 'e3938ce15b2dc00de4980e351ddc1db0') in 0.005710 seconds
  Import took 0.007947 seconds .

========================================================================
Received Import Request.
  Time since last request: 23.101526 seconds.
  path: Assets/PhysicsMaterials
  artifactKey: Guid(0e34fc1f7cd1f74428357f5f0ad4229d) Importer(815301076,1909f56bfc062723c751e8b465ee728b)
Start importing Assets/PhysicsMaterials using Guid(0e34fc1f7cd1f74428357f5f0ad4229d) Importer(815301076,1909f56bfc062723c751e8b465ee728b)  -> (artifact id: '0b25976aa2be792da3a0c314c057f36f') in 0.002109 seconds
  Import took 0.024522 seconds .

========================================================================
Received Prepare
Registering precompiled user dll's ...
Registered in 0.000772 seconds.
Begin MonoManager ReloadAssembly
Native extension for WindowsStandalone target not found
Refreshing native plugins compatible for Editor in 0.42 ms, found 1 plugins.
Preloading 0 native plugins for Editor in 0.00 ms.
Invoked RoslynAnalysisRunner static constructor.
RoslynAnalysisRunner will not be running.
RoslynAnalysisRunner has terminated.
Mono: successfully reloaded assembly
- Completed reload, in  0.655 seconds
Platform modules already initialized, skipping
Refreshing native plugins compatible for Editor in 0.43 ms, found 1 plugins.
Preloading 0 native plugins for Editor in 0.00 ms.
Unloading 1785 Unused Serialized files (Serialized files now loaded: 0)
System memory in use before: 88.9 MB.
System memory in use after: 88.9 MB.

Unloading 12 unused Assets to reduce memory usage. Loaded Objects now: 2418.
Total: 1.570100 ms (FindLiveObjects: 0.160500 ms CreateObjectMapping: 0.051800 ms MarkObjects: 1.279600 ms  DeleteObjects: 0.077100 ms)

AssetImportWorkerClient::OnTransportError - code=2 error=End of file
